Using pre-set license
Built from '2022.3/staging' branch; Version is '2022.3.42f1 (2dcb6a0abc42) revision 3001194'; Using compiler version '192829333'; Build Type 'Release'
OS: 'Windows 11  (10.0.22631) 64bit Core' Language: 'zh' Physical Memory: 32394 MB
BatchMode: 1, IsHumanControllingUs: 0, StartBugReporterOnCrash: 0, Is64bit: 1, IsPro: 1

COMMAND LINE ARGUMENTS:
C:\Program Files\Unity\Hub\Editor\2022.3.42f1\Editor\Unity.exe
-adb2
-batchMode
-noUpm
-name
AssetImportWorker1
-projectPath
D:/å°ˆé¡Œ/final_v6/final_v5
-logFile
Logs/AssetImportWorker1.log
-srvPort
64635
Successfully changed project path to: D:/å°ˆé¡Œ/final_v6/final_v5
D:/å°ˆé¡Œ/final_v6/final_v5
[UnityMemory] Configuration Parameters - Can be set up in boot.config
    "memorysetup-bucket-allocator-granularity=16"
    "memorysetup-bucket-allocator-bucket-count=8"
    "memorysetup-bucket-allocator-block-size=33554432"
    "memorysetup-bucket-allocator-block-count=8"
    "memorysetup-main-allocator-block-size=16777216"
    "memorysetup-thread-allocator-block-size=16777216"
    "memorysetup-gfx-main-allocator-block-size=16777216"
    "memorysetup-gfx-thread-allocator-block-size=16777216"
    "memorysetup-cache-allocator-block-size=4194304"
    "memorysetup-typetree-allocator-block-size=2097152"
    "memorysetup-profiler-bucket-allocator-granularity=16"
    "memorysetup-profiler-bucket-allocator-bucket-count=8"
    "memorysetup-profiler-bucket-allocator-block-size=33554432"
    "memorysetup-profiler-bucket-allocator-block-count=8"
    "memorysetup-profiler-allocator-block-size=16777216"
    "memorysetup-profiler-editor-allocator-block-size=1048576"
    "memorysetup-temp-allocator-size-main=16777216"
    "memorysetup-job-temp-allocator-block-size=2097152"
    "memorysetup-job-temp-allocator-block-size-background=1048576"
    "memorysetup-job-temp-allocator-reduction-small-platforms=262144"
    "memorysetup-allocator-temp-initial-block-size-main=262144"
    "memorysetup-allocator-temp-initial-block-size-worker=262144"
    "memorysetup-temp-allocator-size-background-worker=32768"
    "memorysetup-temp-allocator-size-job-worker=262144"
    "memorysetup-temp-allocator-size-preload-manager=33554432"
    "memorysetup-temp-allocator-size-nav-mesh-worker=65536"
    "memorysetup-temp-allocator-size-audio-worker=65536"
    "memorysetup-temp-allocator-size-cloud-worker=32768"
    "memorysetup-temp-allocator-size-gi-baking-worker=262144"
    "memorysetup-temp-allocator-size-gfx=262144"
Player connection [34828]  Target information:

Player connection [34828]  * "[IP] 192.168.0.103 [Port] 0 [Flags] 2 [Guid] 1472994771 [EditorId] 1472994771 [Version] 1048832 [Id] WindowsEditor(7,LAPTOP-HLKTICUN) [Debug] 1 [PackageName] WindowsEditor [ProjectName] Editor" 

Player connection [34828]  * "[IP] 26.82.56.23 [Port] 0 [Flags] 2 [Guid] 1472994771 [EditorId] 1472994771 [Version] 1048832 [Id] WindowsEditor(7,LAPTOP-HLKTICUN) [Debug] 1 [PackageName] WindowsEditor [ProjectName] Editor" 

Player connection [34828]  * "[IP] 172.17.160.1 [Port] 0 [Flags] 2 [Guid] 1472994771 [EditorId] 1472994771 [Version] 1048832 [Id] WindowsEditor(7,LAPTOP-HLKTICUN) [Debug] 1 [PackageName] WindowsEditor [ProjectName] Editor" 

Player connection [34828] Host joined multi-casting on [225.0.0.222:54997]...
Player connection [34828] Host joined alternative multi-casting on [225.0.0.222:34997]...
[PhysX] Initialized MultithreadedTaskDispatcher with 20 workers.
Refreshing native plugins compatible for Editor in 6.42 ms, found 3 plugins.
Preloading 0 native plugins for Editor in 0.00 ms.
Initialize engine version: 2022.3.42f1 (2dcb6a0abc42)
[Subsystems] Discovering subsystems at path C:/Program Files/Unity/Hub/Editor/2022.3.42f1/Editor/Data/Resources/UnitySubsystems
[Subsystems] Discovering subsystems at path D:/å°ˆé¡Œ/final_v6/final_v5/Assets
GfxDevice: creating device client; threaded=0; jobified=0
Direct3D:
    Version:  Direct3D 11.0 [level 11.1]
    Renderer: NVIDIA GeForce RTX 4050 Laptop GPU (ID=0x28e1)
    Vendor:   NVIDIA
    VRAM:     5921 MB
    Driver:   32.0.15.6607
Initialize mono
Mono path[0] = 'C:/Program Files/Unity/Hub/Editor/2022.3.42f1/Editor/Data/Managed'
Mono path[1] = 'C:/Program Files/Unity/Hub/Editor/2022.3.42f1/Editor/Data/MonoBleedingEdge/lib/mono/unityjit-win32'
Mono config path = 'C:/Program Files/Unity/Hub/Editor/2022.3.42f1/Editor/Data/MonoBleedingEdge/etc'
Using monoOptions --debugger-agent=transport=dt_socket,embedding=1,server=y,suspend=n,address=127.0.0.1:56404
Begin MonoManager ReloadAssembly
Registering precompiled unity dll's ...
Register platform support module: C:/Program Files/Unity/Hub/Editor/2022.3.42f1/Editor/Data/PlaybackEngines/AndroidPlayer/UnityEditor.Android.Extensions.dll
Register platform support module: C:/Program Files/Unity/Hub/Editor/2022.3.42f1/Editor/Data/PlaybackEngines/iOSSupport/UnityEditor.iOS.Extensions.dll
Register platform support module: C:/Program Files/Unity/Hub/Editor/2022.3.42f1/Editor/Data/PlaybackEngines/WindowsStandaloneSupport/UnityEditor.WindowsStandalone.Extensions.dll
Registered in 0.007005 seconds.
- Loaded All Assemblies, in  0.264 seconds
Native extension for WindowsStandalone target not found
[usbmuxd] Start listen thread
[usbmuxd] Listen thread started
Native extension for iOS target not found
Native extension for Android target not found
Android Extension - Scanning For ADB Devices 248 ms
Mono: successfully reloaded assembly
- Finished resetting the current domain, in  0.497 seconds
Domain Reload Profiling: 760ms
	BeginReloadAssembly (77ms)
		ExecutionOrderSort (0ms)
		DisableScriptedObjects (0ms)
		BackupInstance (0ms)
		ReleaseScriptingObjects (0ms)
		CreateAndSetChildDomain (1ms)
	RebuildCommonClasses (25ms)
	RebuildNativeTypeToScriptingClass (7ms)
	initialDomainReloadingComplete (44ms)
	LoadAllAssembliesAndSetupDomain (109ms)
		LoadAssemblies (76ms)
		RebuildTransferFunctionScriptingTraits (0ms)
		AnalyzeDomain (107ms)
			TypeCache.Refresh (106ms)
				TypeCache.ScanAssembly (95ms)
			ScanForSourceGeneratedMonoScriptInfo (0ms)
			ResolveRequiredComponents (0ms)
	FinalizeReload (497ms)
		ReleaseScriptCaches (0ms)
		RebuildScriptCaches (0ms)
		SetupLoadedEditorAssemblies (465ms)
			LogAssemblyErrors (0ms)
			InitializePlatformSupportModulesInManaged (341ms)
			SetLoadedEditorAssemblies (4ms)
			RefreshPlugins (0ms)
			BeforeProcessingInitializeOnLoad (2ms)
			ProcessInitializeOnLoadAttributes (83ms)
			ProcessInitializeOnLoadMethodAttributes (35ms)
			AfterProcessingInitializeOnLoad (0ms)
			EditorAssembliesLoaded (0ms)
		ExecutionOrderSort2 (0ms)
		AwakeInstancesAfterBackupRestoration (0ms)
========================================================================
Worker process is ready to serve import requests
Caller must complete domain reload
Begin MonoManager ReloadAssembly
- Loaded All Assemblies, in  0.612 seconds
Native extension for WindowsStandalone target not found
Native extension for iOS target not found
Native extension for Android target not found
Package Manager log level set to [2]
[Package Manager] Server::EnsureServerProcessIsRunning -- launch failed, reason: Unity was launched with the -noUpm command-line argument
[Package Manager] UpmClient::Send -- Unable to send message (not connected to UPM process).
[Package Manager] Cannot connect to Unity Package Manager local server
[MODES] ModeService[none].Initialize
[MODES] ModeService[none].LoadModes
[MODES] Loading mode Default (0) for mode-current-id-BlenderLearning
Mono: successfully reloaded assembly
- Finished resetting the current domain, in  0.643 seconds
Domain Reload Profiling: 1253ms
	BeginReloadAssembly (121ms)
		ExecutionOrderSort (0ms)
		DisableScriptedObjects (4ms)
		BackupInstance (0ms)
		ReleaseScriptingObjects (0ms)
		CreateAndSetChildDomain (20ms)
	RebuildCommonClasses (23ms)
	RebuildNativeTypeToScriptingClass (8ms)
	initialDomainReloadingComplete (31ms)
	LoadAllAssembliesAndSetupDomain (426ms)
		LoadAssemblies (289ms)
		RebuildTransferFunctionScriptingTraits (0ms)
		AnalyzeDomain (204ms)
			TypeCache.Refresh (171ms)
				TypeCache.ScanAssembly (154ms)
			ScanForSourceGeneratedMonoScriptInfo (22ms)
			ResolveRequiredComponents (10ms)
	FinalizeReload (643ms)
		ReleaseScriptCaches (0ms)
		RebuildScriptCaches (0ms)
		SetupLoadedEditorAssemblies (521ms)
			LogAssemblyErrors (0ms)
			InitializePlatformSupportModulesInManaged (29ms)
			SetLoadedEditorAssemblies (3ms)
			RefreshPlugins (0ms)
			BeforeProcessingInitializeOnLoad (59ms)
			ProcessInitializeOnLoadAttributes (369ms)
			ProcessInitializeOnLoadMethodAttributes (56ms)
			AfterProcessingInitializeOnLoad (5ms)
			EditorAssembliesLoaded (0ms)
		ExecutionOrderSort2 (0ms)
		AwakeInstancesAfterBackupRestoration (5ms)
Launched and connected shader compiler UnityShaderCompiler.exe after 0.05 seconds
Refreshing native plugins compatible for Editor in 3.51 ms, found 3 plugins.
Preloading 0 native plugins for Editor in 0.00 ms.
Unloading 6380 Unused Serialized files (Serialized files now loaded: 0)
Unloading 49 unused Assets / (2.9 MB). Loaded Objects now: 6861.
Memory consumption went from 328.6 MB to 325.7 MB.
Total: 6.997100 ms (FindLiveObjects: 0.610800 ms CreateObjectMapping: 0.402200 ms MarkObjects: 4.538700 ms  DeleteObjects: 1.443600 ms)

AssetImportParameters requested are different than current active one (requested -> active):
  custom:container-demuxer-ogg: 62fdf1f143b41e24485cea50d1cbac27 -> 
  custom:video-codec-MediaFoundation-h265: 746d11721c4dcdbdad8f713fa42b33f4 -> 
  custom:video-decoder-ogg-theora: a1e56fd34408186e4bbccfd4996cb3dc -> 
  custom:framework-win-MediaFoundation: 216162199b28c13a410421893ffa2e32 -> 
  custom:CustomObjectIndexerAttribute: 3ead1caaecf1c488f20bcfeb224b6af5 -> 
  custom:container-demuxer-webm: 4f35f7cbe854078d1ac9338744f61a02 -> 
  custom:container-muxer-webm: aa71ff27fc2769a1b78a27578f13a17b -> 
  custom:video-decoder-webm-vp8: 9c59270c3fd7afecdb556c50c9e8de78 -> 
  custom:SearchIndexIgnoredProperties: e643bd26f0fe6173181afceb89e7c659 -> 
  custom:AudioImporter_EditorPlatform: d09bf68614088b80899f8185d706f6e7 -> 
  custom:video-encoder-webm-vp8: eb34c28f22e8b96e1ab97ce403110664 -> 
  custom:audio-decoder-ogg-vorbis: bf7c407c2cedff20999df2af8eb42d56 -> 
  custom:audio-encoder-webm-vorbis: bf7c407c2cedff20999df2af8eb42d56 -> 
========================================================================
Received Prepare
Caller must complete domain reload
Begin MonoManager ReloadAssembly
- Loaded All Assemblies, in  0.388 seconds
Native extension for WindowsStandalone target not found
Native extension for iOS target not found
Native extension for Android target not found
[Package Manager] Server::EnsureServerProcessIsRunning -- launch failed, reason: Unity was launched with the -noUpm command-line argument
[Package Manager] UpmClient::Send -- Unable to send message (not connected to UPM process).
[Package Manager] Cannot connect to Unity Package Manager local server
[MODES] ModeService[none].Initialize
[MODES] ModeService[none].LoadModes
[MODES] Loading mode Default (0) for mode-current-id-BlenderLearning
Mono: successfully reloaded assembly
- Finished resetting the current domain, in  0.870 seconds
Domain Reload Profiling: 1256ms
	BeginReloadAssembly (128ms)
		ExecutionOrderSort (0ms)
		DisableScriptedObjects (3ms)
		BackupInstance (0ms)
		ReleaseScriptingObjects (0ms)
		CreateAndSetChildDomain (32ms)
	RebuildCommonClasses (22ms)
	RebuildNativeTypeToScriptingClass (8ms)
	initialDomainReloadingComplete (23ms)
	LoadAllAssembliesAndSetupDomain (206ms)
		LoadAssemblies (254ms)
		RebuildTransferFunctionScriptingTraits (0ms)
		AnalyzeDomain (17ms)
			TypeCache.Refresh (6ms)
				TypeCache.ScanAssembly (0ms)
			ScanForSourceGeneratedMonoScriptInfo (0ms)
			ResolveRequiredComponents (9ms)
	FinalizeReload (870ms)
		ReleaseScriptCaches (0ms)
		RebuildScriptCaches (0ms)
		SetupLoadedEditorAssemblies (437ms)
			LogAssemblyErrors (0ms)
			InitializePlatformSupportModulesInManaged (27ms)
			SetLoadedEditorAssemblies (5ms)
			RefreshPlugins (0ms)
			BeforeProcessingInitializeOnLoad (63ms)
			ProcessInitializeOnLoadAttributes (273ms)
			ProcessInitializeOnLoadMethodAttributes (62ms)
			AfterProcessingInitializeOnLoad (6ms)
			EditorAssembliesLoaded (0ms)
		ExecutionOrderSort2 (0ms)
		AwakeInstancesAfterBackupRestoration (11ms)
Refreshing native plugins compatible for Editor in 2.35 ms, found 3 plugins.
Preloading 0 native plugins for Editor in 0.00 ms.
Unloading 6064 Unused Serialized files (Serialized files now loaded: 0)
Unloading 42 unused Assets / (2.9 MB). Loaded Objects now: 6866.
Memory consumption went from 263.1 MB to 260.2 MB.
Total: 3.478400 ms (FindLiveObjects: 0.362700 ms CreateObjectMapping: 0.200300 ms MarkObjects: 2.349000 ms  DeleteObjects: 0.565200 ms)

Prepare: number of updated asset objects reloaded= 0
AssetImportParameters requested are different than current active one (requested -> active):
  custom:container-demuxer-ogg: 62fdf1f143b41e24485cea50d1cbac27 -> 
  custom:video-codec-MediaFoundation-h265: 746d11721c4dcdbdad8f713fa42b33f4 -> 
  custom:video-decoder-ogg-theora: a1e56fd34408186e4bbccfd4996cb3dc -> 
  custom:framework-win-MediaFoundation: 216162199b28c13a410421893ffa2e32 -> 
  custom:CustomObjectIndexerAttribute: 3ead1caaecf1c488f20bcfeb224b6af5 -> 
  custom:container-demuxer-webm: 4f35f7cbe854078d1ac9338744f61a02 -> 
  custom:container-muxer-webm: aa71ff27fc2769a1b78a27578f13a17b -> 
  custom:video-decoder-webm-vp8: 9c59270c3fd7afecdb556c50c9e8de78 -> 
  custom:SearchIndexIgnoredProperties: e643bd26f0fe6173181afceb89e7c659 -> 
  custom:AudioImporter_EditorPlatform: d09bf68614088b80899f8185d706f6e7 -> 
  custom:video-encoder-webm-vp8: eb34c28f22e8b96e1ab97ce403110664 -> 
  custom:audio-decoder-ogg-vorbis: bf7c407c2cedff20999df2af8eb42d56 -> 
  custom:audio-encoder-webm-vorbis: bf7c407c2cedff20999df2af8eb42d56 -> 
========================================================================
Received Import Request.
  Time since last request: 41345.175557 seconds.
  path: Assets/Prefab/DungeonPrefab/ScenePrefab0001.prefab
  artifactKey: Guid(33d9ffdb855a9734684c4599294bd760) Importer(815301076,1909f56bfc062723c751e8b465ee728b)
Start importing Assets/Prefab/DungeonPrefab/ScenePrefab0001.prefab using Guid(33d9ffdb855a9734684c4599294bd760) Importer(815301076,1909f56bfc062723c751e8b465ee728b) [PhysX] Initialized MultithreadedTaskDispatcher with 20 workers.
 -> (artifact id: 'f38f897130c037412e3c91cfa4c38fc7') in 0.016322 seconds
Number of updated asset objects reloaded before import = 0
Number of asset objects unloaded after import = 0
========================================================================
Received Import Request.
  Time since last request: 0.000030 seconds.
  path: Assets/Prefab/DungeonPrefab/ScenePrefab0101.prefab
  artifactKey: Guid(3b577988b0c281b4490a48ccbc07c0d7) Importer(815301076,1909f56bfc062723c751e8b465ee728b)
Start importing Assets/Prefab/DungeonPrefab/ScenePrefab0101.prefab using Guid(3b577988b0c281b4490a48ccbc07c0d7) Importer(815301076,1909f56bfc062723c751e8b465ee728b) [PhysX] Initialized MultithreadedTaskDispatcher with 20 workers.
 -> (artifact id: 'f53b03ee93b1620ba945f3378a47c107') in 0.000919 seconds
Number of updated asset objects reloaded before import = 0
Number of asset objects unloaded after import = 0
========================================================================
Received Import Request.
  Time since last request: 0.000102 seconds.
  path: Assets/Prefab/DungeonPrefab/ScenePrefab1100.prefab
  artifactKey: Guid(aaeb97c1bc80a2147b81dc3f49896231) Importer(815301076,1909f56bfc062723c751e8b465ee728b)
Start importing Assets/Prefab/DungeonPrefab/ScenePrefab1100.prefab using Guid(aaeb97c1bc80a2147b81dc3f49896231) Importer(815301076,1909f56bfc062723c751e8b465ee728b) [PhysX] Initialized MultithreadedTaskDispatcher with 20 workers.
 -> (artifact id: 'c8e69401ba818e53606d8c43f12212cb') in 0.000642 seconds
Number of updated asset objects reloaded before import = 0
Number of asset objects unloaded after import = 0
========================================================================
Received Import Request.
  Time since last request: 0.000029 seconds.
  path: Assets/Prefab/DungeonPrefab/ScenePrefab0111.prefab
  artifactKey: Guid(40e168b514ea694478c61d80861b1ac7) Importer(815301076,1909f56bfc062723c751e8b465ee728b)
Start importing Assets/Prefab/DungeonPrefab/ScenePrefab0111.prefab using Guid(40e168b514ea694478c61d80861b1ac7) Importer(815301076,1909f56bfc062723c751e8b465ee728b) [PhysX] Initialized MultithreadedTaskDispatcher with 20 workers.
 -> (artifact id: 'a6471f2c4e67c38e96169439d302e7a9') in 0.000649 seconds
Number of updated asset objects reloaded before import = 0
Number of asset objects unloaded after import = 0
========================================================================
Received Import Request.
  Time since last request: 0.000037 seconds.
  path: Assets/Prefab/DungeonPrefab/ScenePrefab1101.prefab
  artifactKey: Guid(a138b02624797e543973cf6fc1ffb641) Importer(815301076,1909f56bfc062723c751e8b465ee728b)
Start importing Assets/Prefab/DungeonPrefab/ScenePrefab1101.prefab using Guid(a138b02624797e543973cf6fc1ffb641) Importer(815301076,1909f56bfc062723c751e8b465ee728b) [PhysX] Initialized MultithreadedTaskDispatcher with 20 workers.
 -> (artifact id: 'a3c4d8ccbe199809cd2a642b3219dc67') in 0.000484 seconds
Number of updated asset objects reloaded before import = 0
Number of asset objects unloaded after import = 0
========================================================================
Received Import Request.
  Time since last request: 0.000026 seconds.
  path: Assets/Prefab/DungeonPrefab/ScenePrefab1110.prefab
  artifactKey: Guid(5bb2e57b02a8bb44bbcd4b929b3f3e93) Importer(815301076,1909f56bfc062723c751e8b465ee728b)
Start importing Assets/Prefab/DungeonPrefab/ScenePrefab1110.prefab using Guid(5bb2e57b02a8bb44bbcd4b929b3f3e93) Importer(815301076,1909f56bfc062723c751e8b465ee728b) [PhysX] Initialized MultithreadedTaskDispatcher with 20 workers.
 -> (artifact id: '78a61a81c441648eae5366859c02360b') in 0.000464 seconds
Number of updated asset objects reloaded before import = 0
Number of asset objects unloaded after import = 0
========================================================================
Received Import Request.
  Time since last request: 0.000045 seconds.
  path: Assets/Prefab/DungeonPrefab/ScenePrefab1111.prefab
  artifactKey: Guid(ec386c2c202a54d479e906918c7a435d) Importer(815301076,1909f56bfc062723c751e8b465ee728b)
Start importing Assets/Prefab/DungeonPrefab/ScenePrefab1111.prefab using Guid(ec386c2c202a54d479e906918c7a435d) Importer(815301076,1909f56bfc062723c751e8b465ee728b) [PhysX] Initialized MultithreadedTaskDispatcher with 20 workers.
 -> (artifact id: '51d57c9b915c9a76d7354f61fc126859') in 0.000443 seconds
Number of updated asset objects reloaded before import = 0
Number of asset objects unloaded after import = 0
========================================================================
Received Import Request.
  Time since last request: 2.816535 seconds.
  path: Assets/Prefab/DungeonPrefab/52/ScenePrefab52_0001.prefab
  artifactKey: Guid(2f8dfdbc8783b574f9146c8b004f74d9) Importer(815301076,1909f56bfc062723c751e8b465ee728b)
Start importing Assets/Prefab/DungeonPrefab/52/ScenePrefab52_0001.prefab using Guid(2f8dfdbc8783b574f9146c8b004f74d9) Importer(815301076,1909f56bfc062723c751e8b465ee728b) [PhysX] Initialized MultithreadedTaskDispatcher with 20 workers.
 -> (artifact id: 'a398e00ed41c90819a82b14738f857f0') in 0.000501 seconds
Number of updated asset objects reloaded before import = 0
Number of asset objects unloaded after import = 0
========================================================================
Received Import Request.
  Time since last request: 0.000069 seconds.
  path: Assets/Prefab/DungeonPrefab/52/ScenePrefab52_0010.prefab
  artifactKey: Guid(553b2789311f1114fbfc4e738776c16d) Importer(815301076,1909f56bfc062723c751e8b465ee728b)
Start importing Assets/Prefab/DungeonPrefab/52/ScenePrefab52_0010.prefab using Guid(553b2789311f1114fbfc4e738776c16d) Importer(815301076,1909f56bfc062723c751e8b465ee728b) [PhysX] Initialized MultithreadedTaskDispatcher with 20 workers.
 -> (artifact id: 'f2cb35fce190163284cbde0acb581d39') in 0.000391 seconds
Number of updated asset objects reloaded before import = 0
Number of asset objects unloaded after import = 0
========================================================================
Received Import Request.
  Time since last request: 0.000068 seconds.
  path: Assets/Prefab/DungeonPrefab/52/ScenePrefab52_0001 1.prefab
  artifactKey: Guid(9fb116a50c3da6646b3214cc3a5ece79) Importer(815301076,1909f56bfc062723c751e8b465ee728b)
Start importing Assets/Prefab/DungeonPrefab/52/ScenePrefab52_0001 1.prefab using Guid(9fb116a50c3da6646b3214cc3a5ece79) Importer(815301076,1909f56bfc062723c751e8b465ee728b) [PhysX] Initialized MultithreadedTaskDispatcher with 20 workers.
 -> (artifact id: 'af7a772f5cf9ec850768fe5f3c87d176') in 0.000432 seconds
Number of updated asset objects reloaded before import = 0
Number of asset objects unloaded after import = 0
========================================================================
Received Import Request.
  Time since last request: 0.000032 seconds.
  path: Assets/Prefab/DungeonPrefab/52/ScenePrefab52_1001.prefab
  artifactKey: Guid(de385b117fa339743aca02121d224195) Importer(815301076,1909f56bfc062723c751e8b465ee728b)
Start importing Assets/Prefab/DungeonPrefab/52/ScenePrefab52_1001.prefab using Guid(de385b117fa339743aca02121d224195) Importer(815301076,1909f56bfc062723c751e8b465ee728b) [PhysX] Initialized MultithreadedTaskDispatcher with 20 workers.
 -> (artifact id: '17f01b0cc7714d13770ac4bdd88ed3be') in 0.000657 seconds
Number of updated asset objects reloaded before import = 0
Number of asset objects unloaded after import = 0
========================================================================
Received Import Request.
  Time since last request: 0.000021 seconds.
  path: Assets/Prefab/DungeonPrefab/52/ScenePrefab52_0101.prefab
  artifactKey: Guid(0fc56fa0e1bd6e941addfbc36a392e64) Importer(815301076,1909f56bfc062723c751e8b465ee728b)
Start importing Assets/Prefab/DungeonPrefab/52/ScenePrefab52_0101.prefab using Guid(0fc56fa0e1bd6e941addfbc36a392e64) Importer(815301076,1909f56bfc062723c751e8b465ee728b) [PhysX] Initialized MultithreadedTaskDispatcher with 20 workers.
 -> (artifact id: '04e29bc810d176bdaf09965468e16e31') in 0.000417 seconds
Number of updated asset objects reloaded before import = 0
Number of asset objects unloaded after import = 0
========================================================================
Received Import Request.
  Time since last request: 0.000047 seconds.
  path: Assets/Prefab/DungeonPrefab/52/ScenePrefab52_1000.prefab
  artifactKey: Guid(f7554b0ce9a0733499b3be46df574283) Importer(815301076,1909f56bfc062723c751e8b465ee728b)
Start importing Assets/Prefab/DungeonPrefab/52/ScenePrefab52_1000.prefab using Guid(f7554b0ce9a0733499b3be46df574283) Importer(815301076,1909f56bfc062723c751e8b465ee728b) [PhysX] Initialized MultithreadedTaskDispatcher with 20 workers.
 -> (artifact id: '506eab9d2157ae4e68af06402b913396') in 0.000479 seconds
Number of updated asset objects reloaded before import = 0
Number of asset objects unloaded after import = 0
========================================================================
Received Import Request.
  Time since last request: 0.000053 seconds.
  path: Assets/Prefab/DungeonPrefab/52/ScenePrefab52_1101.prefab
  artifactKey: Guid(8b9dd56c630b62c42bb2a21699cb56c2) Importer(815301076,1909f56bfc062723c751e8b465ee728b)
Start importing Assets/Prefab/DungeonPrefab/52/ScenePrefab52_1101.prefab using Guid(8b9dd56c630b62c42bb2a21699cb56c2) Importer(815301076,1909f56bfc062723c751e8b465ee728b) [PhysX] Initialized MultithreadedTaskDispatcher with 20 workers.
 -> (artifact id: 'b9390efc5e3254a705d4d28d94c947b7') in 0.000462 seconds
Number of updated asset objects reloaded before import = 0
Number of asset objects unloaded after import = 0
========================================================================
Received Import Request.
  Time since last request: 0.000118 seconds.
  path: Assets/Prefab/DungeonPrefab/52/ScenePrefab52_0111.prefab
  artifactKey: Guid(a35f43b78bdee1a4fb627a000dacc406) Importer(815301076,1909f56bfc062723c751e8b465ee728b)
Start importing Assets/Prefab/DungeonPrefab/52/ScenePrefab52_0111.prefab using Guid(a35f43b78bdee1a4fb627a000dacc406) Importer(815301076,1909f56bfc062723c751e8b465ee728b) [PhysX] Initialized MultithreadedTaskDispatcher with 20 workers.
 -> (artifact id: 'bc7b519b19ccdc544fd74d21362fcd47') in 0.000488 seconds
Number of updated asset objects reloaded before import = 0
Number of asset objects unloaded after import = 0
========================================================================
Received Import Request.
  Time since last request: 0.000061 seconds.
  path: Assets/Prefab/DungeonPrefab/52/ScenePrefab52_1111.prefab
  artifactKey: Guid(4577ad6b906408947b420c013f5a02b3) Importer(815301076,1909f56bfc062723c751e8b465ee728b)
Start importing Assets/Prefab/DungeonPrefab/52/ScenePrefab52_1111.prefab using Guid(4577ad6b906408947b420c013f5a02b3) Importer(815301076,1909f56bfc062723c751e8b465ee728b) [PhysX] Initialized MultithreadedTaskDispatcher with 20 workers.
 -> (artifact id: '7bf56ce50192920776325514cab4aa61') in 0.000615 seconds
Number of updated asset objects reloaded before import = 0
Number of asset objects unloaded after import = 0
========================================================================
Received Import Request.
  Time since last request: 1.866495 seconds.
  path: Assets/Prefab/DungeonPrefab/52/v1/ScenePrefab52_0001 4.prefab
  artifactKey: Guid(63ac666b4a7cc2644aeeabd61446a1f4) Importer(815301076,1909f56bfc062723c751e8b465ee728b)
Start importing Assets/Prefab/DungeonPrefab/52/v1/ScenePrefab52_0001 4.prefab using Guid(63ac666b4a7cc2644aeeabd61446a1f4) Importer(815301076,1909f56bfc062723c751e8b465ee728b) [PhysX] Initialized MultithreadedTaskDispatcher with 20 workers.
 -> (artifact id: 'd01c05bb895e51147b0b16fe6d6c82ef') in 0.000712 seconds
Number of updated asset objects reloaded before import = 0
Number of asset objects unloaded after import = 0
========================================================================
Received Import Request.
  Time since last request: 2.374502 seconds.
  path: Assets/Prefab/DungeonPrefab/52/v1/FINISH/v2/ScenePrefab52_0100.prefab
  artifactKey: Guid(907ff1396f3111745bacd27632ee4947) Importer(815301076,1909f56bfc062723c751e8b465ee728b)
Start importing Assets/Prefab/DungeonPrefab/52/v1/FINISH/v2/ScenePrefab52_0100.prefab using Guid(907ff1396f3111745bacd27632ee4947) Importer(815301076,1909f56bfc062723c751e8b465ee728b) [PhysX] Initialized MultithreadedTaskDispatcher with 20 workers.
 -> (artifact id: 'db1c060054910a24000aa18c8c21c996') in 0.000948 seconds
Number of updated asset objects reloaded before import = 0
Number of asset objects unloaded after import = 0
========================================================================
Received Import Request.
  Time since last request: 0.000037 seconds.
  path: Assets/Prefab/DungeonPrefab/52/v1/FINISH/v2/ScenePrefab52_1011.prefab
  artifactKey: Guid(d0ceec1aa917d8648a2b03351631ba8a) Importer(815301076,1909f56bfc062723c751e8b465ee728b)
Start importing Assets/Prefab/DungeonPrefab/52/v1/FINISH/v2/ScenePrefab52_1011.prefab using Guid(d0ceec1aa917d8648a2b03351631ba8a) Importer(815301076,1909f56bfc062723c751e8b465ee728b) [PhysX] Initialized MultithreadedTaskDispatcher with 20 workers.
 -> (artifact id: '236d4e9fdd461fd835dd5f5fded18d84') in 0.000915 seconds
Number of updated asset objects reloaded before import = 0
Number of asset objects unloaded after import = 0
========================================================================
Received Import Request.
  Time since last request: 0.000030 seconds.
  path: Assets/Prefab/DungeonPrefab/52/v1/FINISH/v2/ScenePrefab52_1101.prefab
  artifactKey: Guid(2cede09f0ef8de1438ea7b9ab6e27fc3) Importer(815301076,1909f56bfc062723c751e8b465ee728b)
Start importing Assets/Prefab/DungeonPrefab/52/v1/FINISH/v2/ScenePrefab52_1101.prefab using Guid(2cede09f0ef8de1438ea7b9ab6e27fc3) Importer(815301076,1909f56bfc062723c751e8b465ee728b) [PhysX] Initialized MultithreadedTaskDispatcher with 20 workers.
 -> (artifact id: '27f29f0c07f4149b1ea1284809bbcfa9') in 0.001159 seconds
Number of updated asset objects reloaded before import = 0
Number of asset objects unloaded after import = 0
========================================================================
Received Import Request.
  Time since last request: 0.000055 seconds.
  path: Assets/Prefab/DungeonPrefab/52/v1/FINISH/v2/ScenePrefab52_0111.prefab
  artifactKey: Guid(03c1f3407a7596147abf642eac5f278e) Importer(815301076,1909f56bfc062723c751e8b465ee728b)
Start importing Assets/Prefab/DungeonPrefab/52/v1/FINISH/v2/ScenePrefab52_0111.prefab using Guid(03c1f3407a7596147abf642eac5f278e) Importer(815301076,1909f56bfc062723c751e8b465ee728b) [PhysX] Initialized MultithreadedTaskDispatcher with 20 workers.
 -> (artifact id: '26395630b047ff4f75cdb3b1b3f06951') in 0.001167 seconds
Number of updated asset objects reloaded before import = 0
Number of asset objects unloaded after import = 0
========================================================================
Received Import Request.
  Time since last request: 0.000055 seconds.
  path: Assets/Prefab/DungeonPrefab/52/v1/FINISH/v2/ScenePrefab52_1100.prefab
  artifactKey: Guid(6c5bc31d44ee16d4e88939a586dbb994) Importer(815301076,1909f56bfc062723c751e8b465ee728b)
Start importing Assets/Prefab/DungeonPrefab/52/v1/FINISH/v2/ScenePrefab52_1100.prefab using Guid(6c5bc31d44ee16d4e88939a586dbb994) Importer(815301076,1909f56bfc062723c751e8b465ee728b) [PhysX] Initialized MultithreadedTaskDispatcher with 20 workers.
 -> (artifact id: '1d163ceb8fbd90158a90a32409e3945a') in 0.000693 seconds
Number of updated asset objects reloaded before import = 0
Number of asset objects unloaded after import = 0
========================================================================
Received Import Request.
  Time since last request: 0.000051 seconds.
  path: Assets/Prefab/DungeonPrefab/52/v1/FINISH/v2/ScenePrefab52_1110.prefab
  artifactKey: Guid(f58a08a3283c66f47b3bf6f6f8b1a3de) Importer(815301076,1909f56bfc062723c751e8b465ee728b)
Start importing Assets/Prefab/DungeonPrefab/52/v1/FINISH/v2/ScenePrefab52_1110.prefab using Guid(f58a08a3283c66f47b3bf6f6f8b1a3de) Importer(815301076,1909f56bfc062723c751e8b465ee728b) [PhysX] Initialized MultithreadedTaskDispatcher with 20 workers.
 -> (artifact id: '8952703d75061033c958b5502969a9ce') in 0.001019 seconds
Number of updated asset objects reloaded before import = 0
Number of asset objects unloaded after import = 0
Editor requested this worker to shutdown with reason: Scaling down because of idle timeout
TcpMessagingSession - receive error: operation aborted. errorcode: 995, details: ¦]¬°°õ¦æºüµ²§ô©ÎÀ³¥Îµ{¦¡­n¨D¡A©Ò¥H¤w¤¤¤î I/O ¾Þ§@¡C
AssetImportWorker is now disconnected from the server
Process exiting
Exiting without the bug reporter. Application will terminate with return code 0